c:\users\jeanpierre\documents\visual studio 2013\projects\coffeestar\coffeestar\debug\coffeestar.pch
c:\users\jeanpierre\documents\visual studio 2013\projects\coffeestar\coffeestar\debug\vc120.pdb
c:\users\jeanpierre\documents\visual studio 2013\projects\coffeestar\coffeestar\debug\vc120.idb
c:\users\jeanpierre\documents\visual studio 2013\projects\coffeestar\coffeestar\debug\stdafx.obj
c:\users\jeanpierre\documents\visual studio 2013\projects\coffeestar\coffeestar\debug\coffeestar.obj
c:\users\jeanpierre\desktop\organizacion de computadores\coffee-star\p2\coffeestar\coffeestar\debug\coffeestar.pch
c:\users\jeanpierre\desktop\organizacion de computadores\coffee-star\p2\coffeestar\coffeestar\debug\vc120.pdb
c:\users\jeanpierre\desktop\organizacion de computadores\coffee-star\p2\coffeestar\coffeestar\debug\vc120.idb
c:\users\jeanpierre\desktop\organizacion de computadores\coffee-star\p2\coffeestar\coffeestar\debug\stdafx.obj
c:\users\jeanpierre\desktop\organizacion de computadores\coffee-star\p2\coffeestar\coffeestar\debug\coffeestar.obj
c:\users\jeanpierre\documents\visual studio 2013\projects\coffeestar\debug\coffeestar.ilk
c:\users\jeanpierre\documents\visual studio 2013\projects\coffeestar\debug\coffeestar.exe
c:\users\jeanpierre\documents\visual studio 2013\projects\coffeestar\debug\coffeestar.pdb
c:\users\jeanpierre\desktop\organizacion de computadores\coffee-star\p2\coffeestar\debug\coffeestar.ilk
c:\users\jeanpierre\desktop\organizacion de computadores\coffee-star\p2\coffeestar\debug\coffeestar.exe
c:\users\jeanpierre\desktop\organizacion de computadores\coffee-star\p2\coffeestar\debug\coffeestar.pdb
c:\users\jeanpierre\desktop\organizacion de computadores\coffee-star\p2\coffeestar\coffeestar\debug\coffeestar.tlog\cl.command.1.tlog
c:\users\jeanpierre\desktop\organizacion de computadores\coffee-star\p2\coffeestar\coffeestar\debug\coffeestar.tlog\cl.read.1.tlog
c:\users\jeanpierre\desktop\organizacion de computadores\coffee-star\p2\coffeestar\coffeestar\debug\coffeestar.tlog\cl.write.1.tlog
c:\users\jeanpierre\desktop\organizacion de computadores\coffee-star\p2\coffeestar\coffeestar\debug\coffeestar.tlog\link.command.1.tlog
c:\users\jeanpierre\desktop\organizacion de computadores\coffee-star\p2\coffeestar\coffeestar\debug\coffeestar.tlog\link.read.1.tlog
c:\users\jeanpierre\desktop\organizacion de computadores\coffee-star\p2\coffeestar\coffeestar\debug\coffeestar.tlog\link.write.1.tlog
